<?xml version="1.0" encoding="UTF-8"?>
<testng-results ignored="0" total="1" passed="1" failed="0" skipped="0">
  <reporter-output>
  </reporter-output>
  <suite started-at="2020-11-03T02:41:30Z" name="Hotel Website Data Driven Framework" finished-at="2020-11-03T02:41:53Z" duration-ms="23113">
    <groups>
    </groups>
    <test started-at="2020-11-03T02:41:30Z" name="Login to Hotel page dashboard" finished-at="2020-11-03T02:41:53Z" duration-ms="23113">
      <class name="tests.LoginTest">
        <test-method is-config="true" signature="beforeMethod()[pri:0, instance:tests.LoginTest@77f1baf5]" started-at="2020-11-03T02:41:30Z" name="beforeMethod" finished-at="2020-11-03T02:41:50Z" duration-ms="19662" status="PASS">
          <reporter-output>
          </reporter-output>
        </test-method> <!-- beforeMethod -->
        <test-method signature="loginToHotel(java.lang.String, java.lang.String)[pri:0, instance:tests.LoginTest@77f1baf5]" started-at="2020-11-03T02:41:50Z" name="loginToHotel" finished-at="2020-11-03T02:41:52Z" duration-ms="2528" status="PASS">
          <params>
            <param index="0">
              <value>
                <![CDATA[student@test.com]]>
              </value>
            </param>
            <param index="1">
              <value>
                <![CDATA[welcome1]]>
              </value>
            </param>
          </params>
          <reporter-output>
          </reporter-output>
        </test-method> <!-- loginToHotel -->
        <test-method is-config="true" signature="afterMethod()[pri:0, instance:tests.LoginTest@77f1baf5]" started-at="2020-11-03T02:41:52Z" name="afterMethod" finished-at="2020-11-03T02:41:53Z" duration-ms="850" status="PASS">
          <reporter-output>
          </reporter-output>
        </test-method> <!-- afterMethod -->
      </class> <!-- tests.LoginTest -->
    </test> <!-- Login to Hotel page dashboard -->
  </suite> <!-- Hotel Website Data Driven Framework -->
</testng-results>
